<?xml version="1.0" encoding="UTF-8"?>
<!-- Generated by org.testng.reporters.JUnitReportReporter -->
<testsuite skipped="0" hostname="INHYNSKOTIPAL01" name="com.apitesting.Tests_GET" tests="1" failures="0" timestamp="2021-02-17T22:36:18 IST" time="4.166" errors="0">
  <testcase name="Test_01" time="4.166" classname="com.apitesting.Tests_GET"/>
  <system-out/>
</testsuite> <!-- com.apitesting.Tests_GET -->
