<?xml version="1.0" encoding="UTF-8"?>
<!-- Generated by org.testng.reporters.JUnitReportReporter -->
<testsuite skipped="0" hostname="INHYNSKOTIPAL01" name="com.apitesting.Tests_POST" tests="4" failures="0" timestamp="2021-02-17T23:11:42 IST" time="6.129" errors="0">
  <testcase name="Test_02" time="1.180" classname="com.apitesting.Tests_POST"/>
  <system-out/>
  <testcase name="Test_04" time="1.345" classname="com.apitesting.Tests_POST"/>
  <system-out/>
  <testcase name="Test_01" time="2.305" classname="com.apitesting.Tests_POST"/>
  <system-out/>
  <testcase name="Test_03" time="1.299" classname="com.apitesting.Tests_POST"/>
  <system-out/>
</testsuite> <!-- com.apitesting.Tests_POST -->
