<?xml version="1.0" encoding="UTF-8"?>
<!-- Generated by org.testng.reporters.JUnitReportReporter -->
<testsuite skipped="0" hostname="INHYNSKOTIPAL01" name="com.apitesting.Test01_GET" tests="2" failures="0" timestamp="2021-02-17T20:21:34 IST" time="2.456" errors="0">
  <testcase name="Test_02" time="2.092" classname="com.apitesting.Test01_GET"/>
  <system-out/>
  <testcase name="test_01" time="0.364" classname="com.apitesting.Test01_GET"/>
  <system-out/>
</testsuite> <!-- com.apitesting.Test01_GET -->
